<?xml version="1.0" encoding="UTF-8"?>
<testsuite xmlns:xsi="http://www.w3.org/2001/XMLSchema-instance" xsi:noNamespaceSchemaLocation="https://maven.apache.org/surefire/maven-surefire-plugin/xsd/surefire-test-report-3.0.xsd" version="3.0" name="emailvalidator.EmailValidatorTest" time="0.084" tests="1" errors="0" skipped="0" failures="1">
  <properties>
[...]
</properties>
  <testcase name="testTopLevelDomain" classname="emailvalidator.EmailValidatorTest" time="0.07">
    <failure message="[Should be nl] &#10;expected: &quot;nl&quot;&#10; but was: &quot;com&quot;" type="org.opentest4j.AssertionFailedError"><![CDATA[org.opentest4j.AssertionFailedError: 
[Should be nl] 
expected: "nl"
 but was: "com"
	at emailvalidator.EmailValidatorTest.testTopLevelDomain(EmailValidatorTest.java:55)
]]></failure>
  </testcase>
</testsuite>